<?xml version="1.0" encoding="UTF-8"?>
<Site BuildName="Linux-clang++"
	BuildStamp="20241211-1717-Experimental"
	Name="fedora"
	Generator="ctest-3.30.5"
	CompilerName="/usr/lib64/ccache/clang++"
	CompilerVersion="19.1.5"
	OSName="Linux"
	Hostname="fedora"
	OSRelease="6.11.11-300.fc41.x86_64"
	OSVersion="#1 SMP PREEMPT_DYNAMIC Thu Dec  5 18:38:25 UTC 2024"
	OSPlatform="x86_64"
	Is64Bits="1"
	VendorString="GenuineIntel"
	VendorID="Intel Corporation"
	FamilyID="6"
	ModelID="140"
	ProcessorCacheSize="8192"
	NumberOfLogicalCPU="8"
	NumberOfPhysicalCPU="4"
	TotalVirtualMemory="8191"
	TotalPhysicalMemory="15767"
	LogicalProcessorsPerPhysical="2"
	ProcessorClockFrequency="2744.49"
	>
	<Testing>
		<StartDateTime>Dec 11 22:49 IST</StartDateTime>
		<StartTestTime>1733937589</StartTestTime>
		<TestList/>
		<EndDateTime>Dec 11 22:49 IST</EndDateTime>
		<EndTestTime>1733937589</EndTestTime>
		<ElapsedMinutes>0</ElapsedMinutes>
	</Testing>
</Site>
